<?xml version="1.0" encoding="UTF-8"?>
<!-- Generated by org.testng.reporters.JUnitReportReporter -->
<testsuite hostname="Shizas-MacBook" failures="0" tests="1" name="POST_Request_Successful_Response" time="2.588" errors="0" timestamp="2020-02-25T02:19:03 GMT" skipped="0">
  <testcase classname="POST_Request_Successful_Response" name="SuccessfulResponse" time="2.588"/>
  <system-out/>
</testsuite> <!-- POST_Request_Successful_Response -->
