<?xml version="1.0" encoding="UTF-8"?>
<!-- Generated by org.testng.reporters.JUnitReportReporter -->
<testsuite hostname="Shizas-MacBook" failures="0" tests="2" name="GET_Request_Random_User_Id" time="5.985" errors="0" timestamp="2020-02-25T01:49:35 GMT" skipped="0">
  <testcase classname="GET_Request_Random_User_Id" name="getUserId" time="5.841"/>
  <system-out/>
  <testcase classname="GET_Request_Random_User_Id" name="getUserPostsAndVerifyPostIDs" time="0.144"/>
  <system-out/>
</testsuite> <!-- GET_Request_Random_User_Id -->
